<?xml version="1.0" encoding="UTF-8"?>
<!-- Generated by org.testng.reporters.JUnitReportReporter -->
<testsuite hostname="Log-53BX2Z2" failures="0" tests="1" name="testsuite.Module1" time="0.343" errors="0" timestamp="2022-09-10T15:13:02 MDT" skipped="0">
  <testcase classname="testsuite.Module1" name="BeforeStart" time="0.343"/>
  <system-out/>
</testsuite> <!-- testsuite.Module1 -->
