<?xml version="1.0" encoding="UTF-8"?>
<!-- Generated by org.testng.reporters.JUnitReportReporter -->
<testsuite hostname="Log-53BX2Z2" failures="0" tests="3" name="runner.TestRunner" time="0.073" errors="0" timestamp="2022-09-29T22:12:12 MDT" skipped="0">
  <testcase classname="runner.TestRunner" name="runScenario" time="0.057"/>
  <system-out/>
  <testcase classname="runner.TestRunner" name="runScenario" time="0.010"/>
  <system-out/>
  <testcase classname="runner.TestRunner" name="runScenario" time="0.006"/>
  <system-out/>
</testsuite> <!-- runner.TestRunner -->
