<?xml version="1.0" encoding="UTF-8"?>
<!-- Generated by org.testng.reporters.JUnitReportReporter -->
<testsuite hostname="Log-53BX2Z2" failures="0" tests="5" name="testsuite.Module2" time="0.008" errors="0" timestamp="2022-09-08T19:53:36 MDT" skipped="0">
  <testcase classname="testsuite.Module2" name="marks" time="0.001"/>
  <system-out/>
  <testcase classname="testsuite.Module2" name="calculatesum" time="0.004"/>
  <system-out/>
  <testcase classname="testsuite.Module2" name="greaternumber" time="0.000"/>
  <system-out/>
  <testcase classname="testsuite.Module2" name="marks" time="0.002"/>
  <system-out/>
  <testcase classname="testsuite.Module2" name="printnumbers" time="0.001"/>
  <system-out/>
</testsuite> <!-- testsuite.Module2 -->
